# JRE version: Java(TM) SE Runtime Environment (8.0_60-b27) (build 1.8.0_60-b27)
# Java VM: Java HotSpot(TM) 64-Bit Server VM (25.60-b23 mixed mode bsd-amd64 compressed oops)
Heap:
 PSYoungGen      total 70144K, used 23821K [0x00000007aab00000, 0x00000007b0480000, 0x00000007c0000000)
  eden space 52224K, 19% used [0x00000007aab00000,0x00000007ab5256c0,0x00000007ade00000)
  from space 17920K, 74% used [0x00000007af100000,0x00000007afe1e0f0,0x00000007b0280000)
  to   space 19456K, 0% used [0x00000007ade00000,0x00000007ade00000,0x00000007af100000)
 ParOldGen       total 253440K, used 222499K [0x0000000780000000, 0x000000078f780000, 0x00000007aab00000)
  object space 253440K, 87% used [0x0000000780000000,0x000000078d948c60,0x000000078f780000)
 Metaspace       used 22613K, capacity 23968K, committed 24064K, reserved 1069056K
  class space    used 3231K, capacity 3500K, committed 3584K, reserved 1048576K
GC Heap History (10 events):
Event: 9.711 GC heap before
{Heap before GC invocations=5 (full 1):
 PSYoungGen      total 18944K, used 2544K [0x00000007aab00000, 0x00000007ac000000, 0x00000007c0000000)
  eden space 16384K, 0% used [0x00000007aab00000,0x00000007aab00000,0x00000007abb00000)
  from space 2560K, 99% used [0x00000007abd80000,0x00000007abffc040,0x00000007ac000000)
  to   space 2560K, 0% used [0x00000007abb00000,0x00000007abb00000,0x00000007abd80000)
 ParOldGen       total 103424K, used 88305K [0x0000000780000000, 0x0000000786500000, 0x00000007aab00000)
  object space 103424K, 85% used [0x0000000780000000,0x000000078563c5a0,0x0000000786500000)
 Metaspace       used 18099K, capacity 19150K, committed 19200K, reserved 1064960K
  class space    used 2586K, capacity 2791K, committed 2816K, reserved 1048576K
Event: 9.768 GC heap after
Heap after GC invocations=5 (full 1):
 PSYoungGen      total 18944K, used 0K [0x00000007aab00000, 0x00000007ac000000, 0x00000007c0000000)
  eden space 16384K, 0% used [0x00000007aab00000,0x00000007aab00000,0x00000007abb00000)
  from space 2560K, 0% used [0x00000007abd80000,0x00000007abd80000,0x00000007ac000000)
  to   space 2560K, 0% used [0x00000007abb00000,0x00000007abb00000,0x00000007abd80000)
 ParOldGen       total 134656K, used 88059K [0x0000000780000000, 0x0000000788380000, 0x00000007aab00000)
  object space 134656K, 65% used [0x0000000780000000,0x00000007855fed10,0x0000000788380000)
 Metaspace       used 18099K, capacity 19150K, committed 19200K, reserved 1064960K
  class space    used 2586K, capacity 2791K, committed 2816K, reserved 1048576K
}
Event: 11.895 GC heap before
{Heap before GC invocations=6 (full 1):
 PSYoungGen      total 18944K, used 11377K [0x00000007aab00000, 0x00000007ac000000, 0x00000007c0000000)
  eden space 16384K, 69% used [0x00000007aab00000,0x00000007ab61c628,0x00000007abb00000)
  from space 2560K, 0% used [0x00000007abd80000,0x00000007abd80000,0x00000007ac000000)
  to   space 2560K, 0% used [0x00000007abb00000,0x00000007abb00000,0x00000007abd80000)
 ParOldGen       total 134656K, used 88059K [0x0000000780000000, 0x0000000788380000, 0x00000007aab00000)
  object space 134656K, 65% used [0x0000000780000000,0x00000007855fed10,0x0000000788380000)
 Metaspace       used 21835K, capacity 23118K, committed 23296K, reserved 1069056K
  class space    used 3203K, capacity 3459K, committed 3584K, reserved 1048576K
Event: 11.898 GC heap after
Heap after GC invocations=6 (full 1):
 PSYoungGen      total 18944K, used 1713K [0x00000007aab00000, 0x00000007aed80000, 0x00000007c0000000)
  eden space 16384K, 0% used [0x00000007aab00000,0x00000007aab00000,0x00000007abb00000)
  from space 2560K, 66% used [0x00000007abb00000,0x00000007abcac628,0x00000007abd80000)
  to   space 20992K, 0% used [0x00000007ad900000,0x00000007ad900000,0x00000007aed80000)
 ParOldGen       total 134656K, used 88067K [0x0000000780000000, 0x0000000788380000, 0x00000007aab00000)
  object space 134656K, 65% used [0x0000000780000000,0x0000000785600d10,0x0000000788380000)
 Metaspace       used 21835K, capacity 23118K, committed 23296K, reserved 1069056K
  class space    used 3203K, capacity 3459K, committed 3584K, reserved 1048576K
}
Event: 11.921 GC heap before
{Heap before GC invocations=7 (full 1):
 PSYoungGen      total 18944K, used 12643K [0x00000007aab00000, 0x00000007aed80000, 0x00000007c0000000)
  eden space 16384K, 66% used [0x00000007aab00000,0x00000007ab5ac950,0x00000007abb00000)
  from space 2560K, 66% used [0x00000007abb00000,0x00000007abcac628,0x00000007abd80000)
  to   space 20992K, 0% used [0x00000007ad900000,0x00000007ad900000,0x00000007aed80000)
 ParOldGen       total 134656K, used 93719K [0x0000000780000000, 0x0000000788380000, 0x00000007aab00000)
  object space 134656K, 69% used [0x0000000780000000,0x0000000785b85f80,0x0000000788380000)
 Metaspace       used 21861K, capacity 23118K, committed 23296K, reserved 1069056K
  class space    used 3205K, capacity 3459K, committed 3584K, reserved 1048576K
Event: 11.929 GC heap after
Heap after GC invocations=7 (full 1):
 PSYoungGen      total 49152K, used 8311K [0x00000007aab00000, 0x00000007aef00000, 0x00000007c0000000)
  eden space 28160K, 0% used [0x00000007aab00000,0x00000007aab00000,0x00000007ac680000)
  from space 20992K, 39% used [0x00000007ad900000,0x00000007ae11dcc8,0x00000007aed80000)
  to   space 18944K, 0% used [0x00000007ac680000,0x00000007ac680000,0x00000007ad900000)
 ParOldGen       total 134656K, used 93727K [0x0000000780000000, 0x0000000788380000, 0x00000007aab00000)
  object space 134656K, 69% used [0x0000000780000000,0x0000000785b87f80,0x0000000788380000)
 Metaspace       used 21861K, capacity 23118K, committed 23296K, reserved 1069056K
  class space    used 3205K, capacity 3459K, committed 3584K, reserved 1048576K
}
Event: 13.994 GC heap before
{Heap before GC invocations=8 (full 1):
 PSYoungGen      total 49152K, used 36471K [0x00000007aab00000, 0x00000007aef00000, 0x00000007c0000000)
  eden space 28160K, 100% used [0x00000007aab00000,0x00000007ac680000,0x00000007ac680000)
  from space 20992K, 39% used [0x00000007ad900000,0x00000007ae11dcc8,0x00000007aed80000)
  to   space 18944K, 0% used [0x00000007ac680000,0x00000007ac680000,0x00000007ad900000)
 ParOldGen       total 194048K, used 160391K [0x0000000780000000, 0x000000078bd80000, 0x00000007aab00000)
  object space 194048K, 82% used [0x0000000780000000,0x0000000789ca1c70,0x000000078bd80000)
 Metaspace       used 22000K, capacity 23314K, committed 23552K, reserved 1069056K
  class space    used 3206K, capacity 3459K, committed 3584K, reserved 1048576K
Event: 13.998 GC heap after
Heap after GC invocations=8 (full 1):
 PSYoungGen      total 47104K, used 5778K [0x00000007aab00000, 0x00000007b0280000, 0x00000007c0000000)
  eden space 28160K, 0% used [0x00000007aab00000,0x00000007aab00000,0x00000007ac680000)
  from space 18944K, 30% used [0x00000007ac680000,0x00000007acc24ba8,0x00000007ad900000)
  to   space 17920K, 0% used [0x00000007af100000,0x00000007af100000,0x00000007b0280000)
 ParOldGen       total 194048K, used 160399K [0x0000000780000000, 0x000000078bd80000, 0x00000007aab00000)
  object space 194048K, 82% used [0x0000000780000000,0x0000000789ca3c70,0x000000078bd80000)
 Metaspace       used 22000K, capacity 23314K, committed 23552K, reserved 1069056K
  class space    used 3206K, capacity 3459K, committed 3584K, reserved 1048576K
}
Event: 19.859 GC heap before
{Heap before GC invocations=9 (full 1):
 PSYoungGen      total 47104K, used 33938K [0x00000007aab00000, 0x00000007b0280000, 0x00000007c0000000)
  eden space 28160K, 100% used [0x00000007aab00000,0x00000007ac680000,0x00000007ac680000)
  from space 18944K, 30% used [0x00000007ac680000,0x00000007acc24ba8,0x00000007ad900000)
  to   space 17920K, 0% used [0x00000007af100000,0x00000007af100000,0x00000007b0280000)
 ParOldGen       total 253440K, used 222491K [0x0000000780000000, 0x000000078f780000, 0x00000007aab00000)
  object space 253440K, 87% used [0x0000000780000000,0x000000078d946c60,0x000000078f780000)
 Metaspace       used 22548K, capacity 23878K, committed 24064K, reserved 1069056K
  class space    used 3223K, capacity 3493K, committed 3584K, reserved 1048576K
Event: 19.869 GC heap after
Heap after GC invocations=9 (full 1):
 PSYoungGen      total 70144K, used 13432K [0x00000007aab00000, 0x00000007b0480000, 0x00000007c0000000)
  eden space 52224K, 0% used [0x00000007aab00000,0x00000007aab00000,0x00000007ade00000)
  from space 17920K, 74% used [0x00000007af100000,0x00000007afe1e0f0,0x00000007b0280000)
  to   space 19456K, 0% used [0x00000007ade00000,0x00000007ade00000,0x00000007af100000)
 ParOldGen       total 253440K, used 222499K [0x0000000780000000, 0x000000078f780000, 0x00000007aab00000)
  object space 253440K, 87% used [0x0000000780000000,0x000000078d948c60,0x000000078f780000)
 Metaspace       used 22548K, capacity 23878K, committed 24064K, reserved 1069056K
  class space    used 3223K, capacity 3493K, committed 3584K, reserved 1048576K
}

